Build started 1/27/2016 4:20:42 PM.
     1>Project "C:\Users\azare\Desktop\1- from home (3 dey)\botcointrap\botcointrap-monitor\botcointrap-monitor.vcxproj" on node 2 (rebuild target(s)).
     1>_PrepareForClean:
         Deleting file "Debug\botcointrap-monitor.lastbuildstate".
       InitializeBuildStatus:
         Touching "Debug\botcointrap-monitor.unsuccessfulbuild".
       ClCompile:
         C:\Program Files (x86)\Microsoft Visual Studio 10.0\VC\bin\CL.exe /c /I"C:\Users\azare\Desktop\1- from home (3 dey)\botcointrap\botcointrap-monitor\\dependency\include\component-include" /I"C:\Users\azare\Desktop\1- from home (3 dey)\botcointrap\botcointrap-monitor\\dependency\include\InstLib" /I"C:\Users\azare\Desktop\1- from home (3 dey)\botcointrap\botcointrap-monitor\\dependency\include\pin" /I"C:\Users\azare\Desktop\1- from home (3 dey)\botcointrap\botcointrap-monitor\\dependency\include\pin\gen" /I"C:\Users\azare\Desktop\1- from home (3 dey)\botcointrap\botcointrap-monitor\\dependency\include\trunk" /I"C:\Users\azare\Desktop\1- from home (3 dey)\botcointrap\botcointrap-monitor\\dependency\include\xed-include" /Zi /nologo /W3 /WX- /Od /Oy- /D TARGET_IA32 /D HOST_IA32 /D TARGET_WINDOWS /D BIGARRAY_MULTIPLIER=1 /D _CRT_SECURE_NO_DEPRECATE /D _SECURE_SCL=0 /D WIN32 /Gm- /MT /GS- /Gy /fp:precise /Zc:wchar_t /Zc:forScope /GR /Fo"Debug\\" /Fd"Debug\vc100.pdb" /Gd /TP /wd4530 /analyze- /errorReport:prompt "botcointrap-monitor.cpp" /EHs- /EHa- 
         botcointrap-monitor.cpp
     1>C:\Program Files (x86)\Microsoft SDKs\Windows\v7.0A\include\windef.h(158): error C2872: 'BOOL' : ambiguous symbol
                 could be 'C:\Program Files (x86)\Microsoft SDKs\Windows\v7.0A\include\windef.h(153) : int BOOL'
                 or       'C:\Users\azare\Desktop\1- from home (3 dey)\botcointrap\botcointrap-monitor\dependency\include\pin\gen\types_foundation.TLH(47) : LEVEL_BASE::BOOL'
     1>C:\Program Files (x86)\Microsoft SDKs\Windows\v7.0A\include\windef.h(159): error C2872: 'BOOL' : ambiguous symbol
                 could be 'C:\Program Files (x86)\Microsoft SDKs\Windows\v7.0A\include\windef.h(153) : int BOOL'
                 or       'C:\Users\azare\Desktop\1- from home (3 dey)\botcointrap\botcointrap-monitor\dependency\include\pin\gen\types_foundation.TLH(47) : LEVEL_BASE::BOOL'
     1>C:\Program Files (x86)\Microsoft SDKs\Windows\v7.0A\include\winnt.h(418): error C2872: 'CHAR' : ambiguous symbol
                 could be 'C:\Program Files (x86)\Microsoft SDKs\Windows\v7.0A\include\winnt.h(331) : char CHAR'
                 or       'C:\Users\azare\Desktop\1- from home (3 dey)\botcointrap\botcointrap-monitor\dependency\include\pin\gen\types_foundation.TLH(63) : LEVEL_BASE::CHAR'
     1>C:\Program Files (x86)\Microsoft SDKs\Windows\v7.0A\include\winnt.h(419): error C2872: 'CHAR' : ambiguous symbol
                 could be 'C:\Program Files (x86)\Microsoft SDKs\Windows\v7.0A\include\winnt.h(331) : char CHAR'
                 or       'C:\Users\azare\Desktop\1- from home (3 dey)\botcointrap\botcointrap-monitor\dependency\include\pin\gen\types_foundation.TLH(63) : LEVEL_BASE::CHAR'
     1>C:\Program Files (x86)\Microsoft SDKs\Windows\v7.0A\include\winnt.h(421): error C2872: 'CHAR' : ambiguous symbol
                 could be 'C:\Program Files (x86)\Microsoft SDKs\Windows\v7.0A\include\winnt.h(331) : char CHAR'
                 or       'C:\Users\azare\Desktop\1- from home (3 dey)\botcointrap\botcointrap-monitor\dependency\include\pin\gen\types_foundation.TLH(63) : LEVEL_BASE::CHAR'
     1>C:\Program Files (x86)\Microsoft SDKs\Windows\v7.0A\include\winnt.h(424): error C2872: 'CHAR' : ambiguous symbol
                 could be 'C:\Program Files (x86)\Microsoft SDKs\Windows\v7.0A\include\winnt.h(331) : char CHAR'
                 or       'C:\Users\azare\Desktop\1- from home (3 dey)\botcointrap\botcointrap-monitor\dependency\include\pin\gen\types_foundation.TLH(63) : LEVEL_BASE::CHAR'
     1>C:\Program Files (x86)\Microsoft SDKs\Windows\v7.0A\include\winnt.h(427): error C2872: 'CHAR' : ambiguous symbol
                 could be 'C:\Program Files (x86)\Microsoft SDKs\Windows\v7.0A\include\winnt.h(331) : char CHAR'
                 or       'C:\Users\azare\Desktop\1- from home (3 dey)\botcointrap\botcointrap-monitor\dependency\include\pin\gen\types_foundation.TLH(63) : LEVEL_BASE::CHAR'
     1>C:\Program Files (x86)\Microsoft SDKs\Windows\v7.0A\include\winnt.h(428): error C2872: 'CHAR' : ambiguous symbol
                 could be 'C:\Program Files (x86)\Microsoft SDKs\Windows\v7.0A\include\winnt.h(331) : char CHAR'
                 or       'C:\Users\azare\Desktop\1- from home (3 dey)\botcointrap\botcointrap-monitor\dependency\include\pin\gen\types_foundation.TLH(63) : LEVEL_BASE::CHAR'
     1>C:\Program Files (x86)\Microsoft SDKs\Windows\v7.0A\include\winnt.h(430): error C2872: 'CHAR' : ambiguous symbol
                 could be 'C:\Program Files (x86)\Microsoft SDKs\Windows\v7.0A\include\winnt.h(331) : char CHAR'
                 or       'C:\Users\azare\Desktop\1- from home (3 dey)\botcointrap\botcointrap-monitor\dependency\include\pin\gen\types_foundation.TLH(63) : LEVEL_BASE::CHAR'
     1>C:\Program Files (x86)\Microsoft SDKs\Windows\v7.0A\include\winnt.h(431): error C2872: 'CHAR' : ambiguous symbol
                 could be 'C:\Program Files (x86)\Microsoft SDKs\Windows\v7.0A\include\winnt.h(331) : char CHAR'
                 or       'C:\Users\azare\Desktop\1- from home (3 dey)\botcointrap\botcointrap-monitor\dependency\include\pin\gen\types_foundation.TLH(63) : LEVEL_BASE::CHAR'
     1>C:\Program Files (x86)\Microsoft SDKs\Windows\v7.0A\include\winnt.h(4279): error C2872: 'CONTEXT' : ambiguous symbol
                 could be 'C:\Program Files (x86)\Microsoft SDKs\Windows\v7.0A\include\winnt.h(4277) : _CONTEXT CONTEXT'
                 or       'C:\Users\azare\Desktop\1- from home (3 dey)\botcointrap\botcointrap-monitor\dependency\include\pin\gen\types_vmapi.TLH(62) : LEVEL_VM::CONTEXT'
     1>C:\Program Files (x86)\Microsoft SDKs\Windows\v7.0A\include\winnt.h(8088): error C2872: 'CHAR' : ambiguous symbol
                 could be 'C:\Program Files (x86)\Microsoft SDKs\Windows\v7.0A\include\winnt.h(331) : char CHAR'
                 or       'C:\Users\azare\Desktop\1- from home (3 dey)\botcointrap\botcointrap-monitor\dependency\include\pin\gen\types_foundation.TLH(63) : LEVEL_BASE::CHAR'
     1>C:\Program Files (x86)\Microsoft SDKs\Windows\v7.0A\include\winnt.h(10817): error C2872: 'CHAR' : ambiguous symbol
                 could be 'C:\Program Files (x86)\Microsoft SDKs\Windows\v7.0A\include\winnt.h(331) : char CHAR'
                 or       'C:\Users\azare\Desktop\1- from home (3 dey)\botcointrap\botcointrap-monitor\dependency\include\pin\gen\types_foundation.TLH(63) : LEVEL_BASE::CHAR'
     1>C:\Program Files (x86)\Microsoft SDKs\Windows\v7.0A\include\winnt.h(10818): error C2872: 'CHAR' : ambiguous symbol
                 could be 'C:\Program Files (x86)\Microsoft SDKs\Windows\v7.0A\include\winnt.h(331) : char CHAR'
                 or       'C:\Users\azare\Desktop\1- from home (3 dey)\botcointrap\botcointrap-monitor\dependency\include\pin\gen\types_foundation.TLH(63) : LEVEL_BASE::CHAR'
     1>C:\Program Files (x86)\Microsoft SDKs\Windows\v7.0A\include\winnt.h(12236): error C2872: 'CHAR' : ambiguous symbol
                 could be 'C:\Program Files (x86)\Microsoft SDKs\Windows\v7.0A\include\winnt.h(331) : char CHAR'
                 or       'C:\Users\azare\Desktop\1- from home (3 dey)\botcointrap\botcointrap-monitor\dependency\include\pin\gen\types_foundation.TLH(63) : LEVEL_BASE::CHAR'
     1>C:\Program Files (x86)\Microsoft SDKs\Windows\v7.0A\include\winnt.h(13143): error C2872: 'CHAR' : ambiguous symbol
                 could be 'C:\Program Files (x86)\Microsoft SDKs\Windows\v7.0A\include\winnt.h(331) : char CHAR'
                 or       'C:\Users\azare\Desktop\1- from home (3 dey)\botcointrap\botcointrap-monitor\dependency\include\pin\gen\types_foundation.TLH(63) : LEVEL_BASE::CHAR'
     1>C:\Program Files (x86)\Microsoft SDKs\Windows\v7.0A\include\winnt.h(13170): error C2872: 'CHAR' : ambiguous symbol
                 could be 'C:\Program Files (x86)\Microsoft SDKs\Windows\v7.0A\include\winnt.h(331) : char CHAR'
                 or       'C:\Users\azare\Desktop\1- from home (3 dey)\botcointrap\botcointrap-monitor\dependency\include\pin\gen\types_foundation.TLH(63) : LEVEL_BASE::CHAR'
     1>C:\Program Files (x86)\Microsoft SDKs\Windows\v7.0A\include\windef.h(357): error C2872: 'SIZE' : ambiguous symbol
                 could be 'C:\Program Files (x86)\Microsoft SDKs\Windows\v7.0A\include\windef.h(355) : tagSIZE SIZE'
                 or       'C:\Users\azare\Desktop\1- from home (3 dey)\botcointrap\botcointrap-monitor\dependency\include\pin\gen\types_foundation.TLH(69) : LEVEL_BASE::SIZE'
     1>C:\Program Files (x86)\Microsoft SDKs\Windows\v7.0A\include\windef.h(358): error C2872: 'SIZE' : ambiguous symbol
                 could be 'C:\Program Files (x86)\Microsoft SDKs\Windows\v7.0A\include\windef.h(355) : tagSIZE SIZE'
                 or       'C:\Users\azare\Desktop\1- from home (3 dey)\botcointrap\botcointrap-monitor\dependency\include\pin\gen\types_foundation.TLH(69) : LEVEL_BASE::SIZE'
     1>C:\Program Files (x86)\Microsoft SDKs\Windows\v7.0A\include\winbase.h(266): error C2872: 'BOOL' : ambiguous symbol
                 could be 'C:\Program Files (x86)\Microsoft SDKs\Windows\v7.0A\include\windef.h(153) : int BOOL'
                 or       'C:\Users\azare\Desktop\1- from home (3 dey)\botcointrap\botcointrap-monitor\dependency\include\pin\gen\types_foundation.TLH(47) : LEVEL_BASE::BOOL'
     1>C:\Program Files (x86)\Microsoft SDKs\Windows\v7.0A\include\winbase.h(362): error C2872: 'BOOL' : ambiguous symbol
                 could be 'C:\Program Files (x86)\Microsoft SDKs\Windows\v7.0A\include\windef.h(153) : int BOOL'
                 or       'C:\Users\azare\Desktop\1- from home (3 dey)\botcointrap\botcointrap-monitor\dependency\include\pin\gen\types_foundation.TLH(47) : LEVEL_BASE::BOOL'
     1>C:\Program Files (x86)\Microsoft SDKs\Windows\v7.0A\include\winbase.h(377): error C2872: 'BOOL' : ambiguous symbol
                 could be 'C:\Program Files (x86)\Microsoft SDKs\Windows\v7.0A\include\windef.h(153) : int BOOL'
                 or       'C:\Users\azare\Desktop\1- from home (3 dey)\botcointrap\botcointrap-monitor\dependency\include\pin\gen\types_foundation.TLH(47) : LEVEL_BASE::BOOL'
     1>C:\Program Files (x86)\Microsoft SDKs\Windows\v7.0A\include\winbase.h(387): error C2872: 'BOOL' : ambiguous symbol
                 could be 'C:\Program Files (x86)\Microsoft SDKs\Windows\v7.0A\include\windef.h(153) : int BOOL'
                 or       'C:\Users\azare\Desktop\1- from home (3 dey)\botcointrap\botcointrap-monitor\dependency\include\pin\gen\types_foundation.TLH(47) : LEVEL_BASE::BOOL'
     1>C:\Program Files (x86)\Microsoft SDKs\Windows\v7.0A\include\winbase.h(397): error C2872: 'BOOL' : ambiguous symbol
                 could be 'C:\Program Files (x86)\Microsoft SDKs\Windows\v7.0A\include\windef.h(153) : int BOOL'
                 or       'C:\Users\azare\Desktop\1- from home (3 dey)\botcointrap\botcointrap-monitor\dependency\include\pin\gen\types_foundation.TLH(47) : LEVEL_BASE::BOOL'
     1>C:\Program Files (x86)\Microsoft SDKs\Windows\v7.0A\include\winbase.h(492): error C2872: 'BOOL' : ambiguous symbol
                 could be 'C:\Program Files (x86)\Microsoft SDKs\Windows\v7.0A\include\windef.h(153) : int BOOL'
                 or       'C:\Users\azare\Desktop\1- from home (3 dey)\botcointrap\botcointrap-monitor\dependency\include\pin\gen\types_foundation.TLH(47) : LEVEL_BASE::BOOL'
     1>C:\Program Files (x86)\Microsoft SDKs\Windows\v7.0A\include\winbase.h(501): error C2872: 'BOOL' : ambiguous symbol
                 could be 'C:\Program Files (x86)\Microsoft SDKs\Windows\v7.0A\include\windef.h(153) : int BOOL'
                 or       'C:\Users\azare\Desktop\1- from home (3 dey)\botcointrap\botcointrap-monitor\dependency\include\pin\gen\types_foundation.TLH(47) : LEVEL_BASE::BOOL'
     1>C:\Program Files (x86)\Microsoft SDKs\Windows\v7.0A\include\winbase.h(1276): error C2872: 'CHAR' : ambiguous symbol
                 could be 'C:\Program Files (x86)\Microsoft SDKs\Windows\v7.0A\include\winnt.h(331) : char CHAR'
                 or       'C:\Users\azare\Desktop\1- from home (3 dey)\botcointrap\botcointrap-monitor\dependency\include\pin\gen\types_foundation.TLH(63) : LEVEL_BASE::CHAR'
     1>C:\Program Files (x86)\Microsoft SDKs\Windows\v7.0A\include\winbase.h(2561): error C2872: 'BOOL' : ambiguous symbol
                 could be 'C:\Program Files (x86)\Microsoft SDKs\Windows\v7.0A\include\windef.h(153) : int BOOL'
                 or       'C:\Users\azare\Desktop\1- from home (3 dey)\botcointrap\botcointrap-monitor\dependency\include\pin\gen\types_foundation.TLH(47) : LEVEL_BASE::BOOL'
     1>C:\Program Files (x86)\Microsoft SDKs\Windows\v7.0A\include\winbase.h(2610): error C2872: 'BOOL' : ambiguous symbol
                 could be 'C:\Program Files (x86)\Microsoft SDKs\Windows\v7.0A\include\windef.h(153) : int BOOL'
                 or       'C:\Users\azare\Desktop\1- from home (3 dey)\botcointrap\botcointrap-monitor\dependency\include\pin\gen\types_foundation.TLH(47) : LEVEL_BASE::BOOL'
     1>C:\Program Files (x86)\Microsoft SDKs\Windows\v7.0A\include\winbase.h(2627): error C2872: 'BOOL' : ambiguous symbol
                 could be 'C:\Program Files (x86)\Microsoft SDKs\Windows\v7.0A\include\windef.h(153) : int BOOL'
                 or       'C:\Users\azare\Desktop\1- from home (3 dey)\botcointrap\botcointrap-monitor\dependency\include\pin\gen\types_foundation.TLH(47) : LEVEL_BASE::BOOL'
     1>C:\Program Files (x86)\Microsoft SDKs\Windows\v7.0A\include\winbase.h(2652): error C2872: 'UINT' : ambiguous symbol
                 could be 'C:\Program Files (x86)\Microsoft SDKs\Windows\v7.0A\include\windef.h(173) : unsigned int UINT'
                 or       'C:\Users\azare\Desktop\1- from home (3 dey)\botcointrap\botcointrap-monitor\dependency\include\pin\gen\types_foundation.TLH(64) : LEVEL_BASE::UINT'
     1>C:\Program Files (x86)\Microsoft SDKs\Windows\v7.0A\include\winbase.h(2663): error C2872: 'UINT' : ambiguous symbol
                 could be 'C:\Program Files (x86)\Microsoft SDKs\Windows\v7.0A\include\windef.h(173) : unsigned int UINT'
                 or       'C:\Users\azare\Desktop\1- from home (3 dey)\botcointrap\botcointrap-monitor\dependency\include\pin\gen\types_foundation.TLH(64) : LEVEL_BASE::UINT'
     1>C:\Program Files (x86)\Microsoft SDKs\Windows\v7.0A\include\winbase.h(2675): error C2872: 'UINT' : ambiguous symbol
                 could be 'C:\Program Files (x86)\Microsoft SDKs\Windows\v7.0A\include\windef.h(173) : unsigned int UINT'
                 or       'C:\Users\azare\Desktop\1- from home (3 dey)\botcointrap\botcointrap-monitor\dependency\include\pin\gen\types_foundation.TLH(64) : LEVEL_BASE::UINT'
     1>C:\Program Files (x86)\Microsoft SDKs\Windows\v7.0A\include\winbase.h(2698): error C2872: 'BOOL' : ambiguous symbol
                 could be 'C:\Program Files (x86)\Microsoft SDKs\Windows\v7.0A\include\windef.h(153) : int BOOL'
                 or       'C:\Users\azare\Desktop\1- from home (3 dey)\botcointrap\botcointrap-monitor\dependency\include\pin\gen\types_foundation.TLH(47) : LEVEL_BASE::BOOL'
     1>C:\Program Files (x86)\Microsoft SDKs\Windows\v7.0A\include\winbase.h(2742): error C2872: 'BOOL' : ambiguous symbol
                 could be 'C:\Program Files (x86)\Microsoft SDKs\Windows\v7.0A\include\windef.h(153) : int BOOL'
                 or       'C:\Users\azare\Desktop\1- from home (3 dey)\botcointrap\botcointrap-monitor\dependency\include\pin\gen\types_foundation.TLH(47) : LEVEL_BASE::BOOL'
     1>C:\Program Files (x86)\Microsoft SDKs\Windows\v7.0A\include\winbase.h(2768): error C2872: 'BOOL' : ambiguous symbol
                 could be 'C:\Program Files (x86)\Microsoft SDKs\Windows\v7.0A\include\windef.h(153) : int BOOL'
                 or       'C:\Users\azare\Desktop\1- from home (3 dey)\botcointrap\botcointrap-monitor\dependency\include\pin\gen\types_foundation.TLH(47) : LEVEL_BASE::BOOL'
     1>C:\Program Files (x86)\Microsoft SDKs\Windows\v7.0A\include\winbase.h(2778): error C2872: 'UINT' : ambiguous symbol
                 could be 'C:\Program Files (x86)\Microsoft SDKs\Windows\v7.0A\include\windef.h(173) : unsigned int UINT'
                 or       'C:\Users\azare\Desktop\1- from home (3 dey)\botcointrap\botcointrap-monitor\dependency\include\pin\gen\types_foundation.TLH(64) : LEVEL_BASE::UINT'
     1>C:\Program Files (x86)\Microsoft SDKs\Windows\v7.0A\include\winbase.h(2789): error C2872: 'UINT' : ambiguous symbol
                 could be 'C:\Program Files (x86)\Microsoft SDKs\Windows\v7.0A\include\windef.h(173) : unsigned int UINT'
                 or       'C:\Users\azare\Desktop\1- from home (3 dey)\botcointrap\botcointrap-monitor\dependency\include\pin\gen\types_foundation.TLH(64) : LEVEL_BASE::UINT'
     1>C:\Program Files (x86)\Microsoft SDKs\Windows\v7.0A\include\winbase.h(2810): error C2872: 'BOOL' : ambiguous symbol
                 could be 'C:\Program Files (x86)\Microsoft SDKs\Windows\v7.0A\include\windef.h(153) : int BOOL'
                 or       'C:\Users\azare\Desktop\1- from home (3 dey)\botcointrap\botcointrap-monitor\dependency\include\pin\gen\types_foundation.TLH(47) : LEVEL_BASE::BOOL'
     1>C:\Program Files (x86)\Microsoft SDKs\Windows\v7.0A\include\winbase.h(2824): error C2872: 'UINT' : ambiguous symbol
                 could be 'C:\Program Files (x86)\Microsoft SDKs\Windows\v7.0A\include\windef.h(173) : unsigned int UINT'
                 or       'C:\Users\azare\Desktop\1- from home (3 dey)\botcointrap\botcointrap-monitor\dependency\include\pin\gen\types_foundation.TLH(64) : LEVEL_BASE::UINT'
     1>C:\Program Files (x86)\Microsoft SDKs\Windows\v7.0A\include\winbase.h(2841): error C2872: 'UINT' : ambiguous symbol
                 could be 'C:\Program Files (x86)\Microsoft SDKs\Windows\v7.0A\include\windef.h(173) : unsigned int UINT'
                 or       'C:\Users\azare\Desktop\1- from home (3 dey)\botcointrap\botcointrap-monitor\dependency\include\pin\gen\types_foundation.TLH(64) : LEVEL_BASE::UINT'
     1>C:\Program Files (x86)\Microsoft SDKs\Windows\v7.0A\include\winbase.h(2848): error C2872: 'UINT' : ambiguous symbol
                 could be 'C:\Program Files (x86)\Microsoft SDKs\Windows\v7.0A\include\windef.h(173) : unsigned int UINT'
                 or       'C:\Users\azare\Desktop\1- from home (3 dey)\botcointrap\botcointrap-monitor\dependency\include\pin\gen\types_foundation.TLH(64) : LEVEL_BASE::UINT'
     1>C:\Program Files (x86)\Microsoft SDKs\Windows\v7.0A\include\winbase.h(2853): error C2872: 'BOOL' : ambiguous symbol
                 could be 'C:\Program Files (x86)\Microsoft SDKs\Windows\v7.0A\include\windef.h(153) : int BOOL'
                 or       'C:\Users\azare\Desktop\1- from home (3 dey)\botcointrap\botcointrap-monitor\dependency\include\pin\gen\types_foundation.TLH(47) : LEVEL_BASE::BOOL'
     1>C:\Program Files (x86)\Microsoft SDKs\Windows\v7.0A\include\winbase.h(2871): error C2872: 'BOOL' : ambiguous symbol
                 could be 'C:\Program Files (x86)\Microsoft SDKs\Windows\v7.0A\include\windef.h(153) : int BOOL'
                 or       'C:\Users\azare\Desktop\1- from home (3 dey)\botcointrap\botcointrap-monitor\dependency\include\pin\gen\types_foundation.TLH(47) : LEVEL_BASE::BOOL'
     1>C:\Program Files (x86)\Microsoft SDKs\Windows\v7.0A\include\winbase.h(2879): error C2872: 'BOOL' : ambiguous symbol
                 could be 'C:\Program Files (x86)\Microsoft SDKs\Windows\v7.0A\include\windef.h(153) : int BOOL'
                 or       'C:\Users\azare\Desktop\1- from home (3 dey)\botcointrap\botcointrap-monitor\dependency\include\pin\gen\types_foundation.TLH(47) : LEVEL_BASE::BOOL'
     1>C:\Program Files (x86)\Microsoft SDKs\Windows\v7.0A\include\winbase.h(2887): error C2872: 'BOOL' : ambiguous symbol
                 could be 'C:\Program Files (x86)\Microsoft SDKs\Windows\v7.0A\include\windef.h(153) : int BOOL'
                 or       'C:\Users\azare\Desktop\1- from home (3 dey)\botcointrap\botcointrap-monitor\dependency\include\pin\gen\types_foundation.TLH(47) : LEVEL_BASE::BOOL'
     1>C:\Program Files (x86)\Microsoft SDKs\Windows\v7.0A\include\winbase.h(2899): error C2872: 'BOOL' : ambiguous symbol
                 could be 'C:\Program Files (x86)\Microsoft SDKs\Windows\v7.0A\include\windef.h(153) : int BOOL'
                 or       'C:\Users\azare\Desktop\1- from home (3 dey)\botcointrap\botcointrap-monitor\dependency\include\pin\gen\types_foundation.TLH(47) : LEVEL_BASE::BOOL'
     1>C:\Program Files (x86)\Microsoft SDKs\Windows\v7.0A\include\winbase.h(2908): error C2872: 'BOOL' : ambiguous symbol
                 could be 'C:\Program Files (x86)\Microsoft SDKs\Windows\v7.0A\include\windef.h(153) : int BOOL'
                 or       'C:\Users\azare\Desktop\1- from home (3 dey)\botcointrap\botcointrap-monitor\dependency\include\pin\gen\types_foundation.TLH(47) : LEVEL_BASE::BOOL'
     1>C:\Program Files (x86)\Microsoft SDKs\Windows\v7.0A\include\winbase.h(2915): error C2872: 'BOOL' : ambiguous symbol
                 could be 'C:\Program Files (x86)\Microsoft SDKs\Windows\v7.0A\include\windef.h(153) : int BOOL'
                 or       'C:\Users\azare\Desktop\1- from home (3 dey)\botcointrap\botcointrap-monitor\dependency\include\pin\gen\types_foundation.TLH(47) : LEVEL_BASE::BOOL'
     1>C:\Program Files (x86)\Microsoft SDKs\Windows\v7.0A\include\winbase.h(2945): error C2872: 'BOOL' : ambiguous symbol
                 could be 'C:\Program Files (x86)\Microsoft SDKs\Windows\v7.0A\include\windef.h(153) : int BOOL'
                 or       'C:\Users\azare\Desktop\1- from home (3 dey)\botcointrap\botcointrap-monitor\dependency\include\pin\gen\types_foundation.TLH(47) : LEVEL_BASE::BOOL'
     1>C:\Program Files (x86)\Microsoft SDKs\Windows\v7.0A\include\winbase.h(2954): error C2872: 'BOOL' : ambiguous symbol
                 could be 'C:\Program Files (x86)\Microsoft SDKs\Windows\v7.0A\include\windef.h(153) : int BOOL'
                 or       'C:\Users\azare\Desktop\1- from home (3 dey)\botcointrap\botcointrap-monitor\dependency\include\pin\gen\types_foundation.TLH(47) : LEVEL_BASE::BOOL'
     1>C:\Program Files (x86)\Microsoft SDKs\Windows\v7.0A\include\winbase.h(3002): error C2872: 'UINT' : ambiguous symbol
                 could be 'C:\Program Files (x86)\Microsoft SDKs\Windows\v7.0A\include\windef.h(173) : unsigned int UINT'
                 or       'C:\Users\azare\Desktop\1- from home (3 dey)\botcointrap\botcointrap-monitor\dependency\include\pin\gen\types_foundation.TLH(64) : LEVEL_BASE::UINT'
     1>C:\Program Files (x86)\Microsoft SDKs\Windows\v7.0A\include\winbase.h(3014): error C2872: 'UINT' : ambiguous symbol
                 could be 'C:\Program Files (x86)\Microsoft SDKs\Windows\v7.0A\include\windef.h(173) : unsigned int UINT'
                 or       'C:\Users\azare\Desktop\1- from home (3 dey)\botcointrap\botcointrap-monitor\dependency\include\pin\gen\types_foundation.TLH(64) : LEVEL_BASE::UINT'
     1>C:\Program Files (x86)\Microsoft SDKs\Windows\v7.0A\include\winbase.h(3029): error C2872: 'UINT' : ambiguous symbol
                 could be 'C:\Program Files (x86)\Microsoft SDKs\Windows\v7.0A\include\windef.h(173) : unsigned int UINT'
                 or       'C:\Users\azare\Desktop\1- from home (3 dey)\botcointrap\botcointrap-monitor\dependency\include\pin\gen\types_foundation.TLH(64) : LEVEL_BASE::UINT'
     1>C:\Program Files (x86)\Microsoft SDKs\Windows\v7.0A\include\winbase.h(3038): error C2872: 'UINT' : ambiguous symbol
                 could be 'C:\Program Files (x86)\Microsoft SDKs\Windows\v7.0A\include\windef.h(173) : unsigned int UINT'
                 or       'C:\Users\azare\Desktop\1- from home (3 dey)\botcointrap\botcointrap-monitor\dependency\include\pin\gen\types_foundation.TLH(64) : LEVEL_BASE::UINT'
     1>C:\Program Files (x86)\Microsoft SDKs\Windows\v7.0A\include\winbase.h(3048): error C2872: 'BOOL' : ambiguous symbol
                 could be 'C:\Program Files (x86)\Microsoft SDKs\Windows\v7.0A\include\windef.h(153) : int BOOL'
                 or       'C:\Users\azare\Desktop\1- from home (3 dey)\botcointrap\botcointrap-monitor\dependency\include\pin\gen\types_foundation.TLH(47) : LEVEL_BASE::BOOL'
     1>C:\Program Files (x86)\Microsoft SDKs\Windows\v7.0A\include\winbase.h(3066): error C2872: 'BOOL' : ambiguous symbol
                 could be 'C:\Program Files (x86)\Microsoft SDKs\Windows\v7.0A\include\windef.h(153) : int BOOL'
                 or       'C:\Users\azare\Desktop\1- from home (3 dey)\botcointrap\botcointrap-monitor\dependency\include\pin\gen\types_foundation.TLH(47) : LEVEL_BASE::BOOL'
     1>C:\Program Files (x86)\Microsoft SDKs\Windows\v7.0A\include\winbase.h(3076): error C2872: 'BOOL' : ambiguous symbol
                 could be 'C:\Program Files (x86)\Microsoft SDKs\Windows\v7.0A\include\windef.h(153) : int BOOL'
                 or       'C:\Users\azare\Desktop\1- from home (3 dey)\botcointrap\botcointrap-monitor\dependency\include\pin\gen\types_foundation.TLH(47) : LEVEL_BASE::BOOL'
     1>C:\Program Files (x86)\Microsoft SDKs\Windows\v7.0A\include\winbase.h(3107): error C2872: 'BOOL' : ambiguous symbol
                 could be 'C:\Program Files (x86)\Microsoft SDKs\Windows\v7.0A\include\windef.h(153) : int BOOL'
                 or       'C:\Users\azare\Desktop\1- from home (3 dey)\botcointrap\botcointrap-monitor\dependency\include\pin\gen\types_foundation.TLH(47) : LEVEL_BASE::BOOL'
     1>C:\Program Files (x86)\Microsoft SDKs\Windows\v7.0A\include\winbase.h(3135): error C2872: 'BOOL' : ambiguous symbol
                 could be 'C:\Program Files (x86)\Microsoft SDKs\Windows\v7.0A\include\windef.h(153) : int BOOL'
                 or       'C:\Users\azare\Desktop\1- from home (3 dey)\botcointrap\botcointrap-monitor\dependency\include\pin\gen\types_foundation.TLH(47) : LEVEL_BASE::BOOL'
     1>C:\Program Files (x86)\Microsoft SDKs\Windows\v7.0A\include\winbase.h(3153): error C2872: 'BOOL' : ambiguous symbol
                 could be 'C:\Program Files (x86)\Microsoft SDKs\Windows\v7.0A\include\windef.h(153) : int BOOL'
                 or       'C:\Users\azare\Desktop\1- from home (3 dey)\botcointrap\botcointrap-monitor\dependency\include\pin\gen\types_foundation.TLH(47) : LEVEL_BASE::BOOL'
     1>C:\Program Files (x86)\Microsoft SDKs\Windows\v7.0A\include\winbase.h(3210): error C2872: 'BOOL' : ambiguous symbol
                 could be 'C:\Program Files (x86)\Microsoft SDKs\Windows\v7.0A\include\windef.h(153) : int BOOL'
                 or       'C:\Users\azare\Desktop\1- from home (3 dey)\botcointrap\botcointrap-monitor\dependency\include\pin\gen\types_foundation.TLH(47) : LEVEL_BASE::BOOL'
     1>C:\Program Files (x86)\Microsoft SDKs\Windows\v7.0A\include\winbase.h(3217): error C2872: 'BOOL' : ambiguous symbol
                 could be 'C:\Program Files (x86)\Microsoft SDKs\Windows\v7.0A\include\windef.h(153) : int BOOL'
                 or       'C:\Users\azare\Desktop\1- from home (3 dey)\botcointrap\botcointrap-monitor\dependency\include\pin\gen\types_foundation.TLH(47) : LEVEL_BASE::BOOL'
     1>C:\Program Files (x86)\Microsoft SDKs\Windows\v7.0A\include\winbase.h(3225): error C2872: 'BOOL' : ambiguous symbol
                 could be 'C:\Program Files (x86)\Microsoft SDKs\Windows\v7.0A\include\windef.h(153) : int BOOL'
                 or       'C:\Users\azare\Desktop\1- from home (3 dey)\botcointrap\botcointrap-monitor\dependency\include\pin\gen\types_foundation.TLH(47) : LEVEL_BASE::BOOL'
     1>C:\Program Files (x86)\Microsoft SDKs\Windows\v7.0A\include\winbase.h(3233): error C2872: 'BOOL' : ambiguous symbol
                 could be 'C:\Program Files (x86)\Microsoft SDKs\Windows\v7.0A\include\windef.h(153) : int BOOL'
                 or       'C:\Users\azare\Desktop\1- from home (3 dey)\botcointrap\botcointrap-monitor\dependency\include\pin\gen\types_foundation.TLH(47) : LEVEL_BASE::BOOL'
     1>C:\Program Files (x86)\Microsoft SDKs\Windows\v7.0A\include\winbase.h(3243): error C2872: 'BOOL' : ambiguous symbol
                 could be 'C:\Program Files (x86)\Microsoft SDKs\Windows\v7.0A\include\windef.h(153) : int BOOL'
                 or       'C:\Users\azare\Desktop\1- from home (3 dey)\botcointrap\botcointrap-monitor\dependency\include\pin\gen\types_foundation.TLH(47) : LEVEL_BASE::BOOL'
     1>C:\Program Files (x86)\Microsoft SDKs\Windows\v7.0A\include\winbase.h(3270): error C2872: 'BOOL' : ambiguous symbol
                 could be 'C:\Program Files (x86)\Microsoft SDKs\Windows\v7.0A\include\windef.h(153) : int BOOL'
                 or       'C:\Users\azare\Desktop\1- from home (3 dey)\botcointrap\botcointrap-monitor\dependency\include\pin\gen\types_foundation.TLH(47) : LEVEL_BASE::BOOL'
     1>C:\Program Files (x86)\Microsoft SDKs\Windows\v7.0A\include\winbase.h(3277): error C2872: 'BOOL' : ambiguous symbol
                 could be 'C:\Program Files (x86)\Microsoft SDKs\Windows\v7.0A\include\windef.h(153) : int BOOL'
                 or       'C:\Users\azare\Desktop\1- from home (3 dey)\botcointrap\botcointrap-monitor\dependency\include\pin\gen\types_foundation.TLH(47) : LEVEL_BASE::BOOL'
     1>C:\Program Files (x86)\Microsoft SDKs\Windows\v7.0A\include\winbase.h(3362): error C2872: 'BOOL' : ambiguous symbol
                 could be 'C:\Program Files (x86)\Microsoft SDKs\Windows\v7.0A\include\windef.h(153) : int BOOL'
                 or       'C:\Users\azare\Desktop\1- from home (3 dey)\botcointrap\botcointrap-monitor\dependency\include\pin\gen\types_foundation.TLH(47) : LEVEL_BASE::BOOL'
     1>C:\Program Files (x86)\Microsoft SDKs\Windows\v7.0A\include\winbase.h(3371): error C2872: 'BOOL' : ambiguous symbol
                 could be 'C:\Program Files (x86)\Microsoft SDKs\Windows\v7.0A\include\windef.h(153) : int BOOL'
                 or       'C:\Users\azare\Desktop\1- from home (3 dey)\botcointrap\botcointrap-monitor\dependency\include\pin\gen\types_foundation.TLH(47) : LEVEL_BASE::BOOL'
     1>C:\Program Files (x86)\Microsoft SDKs\Windows\v7.0A\include\winbase.h(3380): error C2872: 'BOOL' : ambiguous symbol
                 could be 'C:\Program Files (x86)\Microsoft SDKs\Windows\v7.0A\include\windef.h(153) : int BOOL'
                 or       'C:\Users\azare\Desktop\1- from home (3 dey)\botcointrap\botcointrap-monitor\dependency\include\pin\gen\types_foundation.TLH(47) : LEVEL_BASE::BOOL'
     1>C:\Program Files (x86)\Microsoft SDKs\Windows\v7.0A\include\winbase.h(3393): error C2872: 'BOOL' : ambiguous symbol
                 could be 'C:\Program Files (x86)\Microsoft SDKs\Windows\v7.0A\include\windef.h(153) : int BOOL'
                 or       'C:\Users\azare\Desktop\1- from home (3 dey)\botcointrap\botcointrap-monitor\dependency\include\pin\gen\types_foundation.TLH(47) : LEVEL_BASE::BOOL'
     1>C:\Program Files (x86)\Microsoft SDKs\Windows\v7.0A\include\winbase.h(3403): error C2872: 'BOOL' : ambiguous symbol
                 could be 'C:\Program Files (x86)\Microsoft SDKs\Windows\v7.0A\include\windef.h(153) : int BOOL'
                 or       'C:\Users\azare\Desktop\1- from home (3 dey)\botcointrap\botcointrap-monitor\dependency\include\pin\gen\types_foundation.TLH(47) : LEVEL_BASE::BOOL'
     1>C:\Program Files (x86)\Microsoft SDKs\Windows\v7.0A\include\winbase.h(3414): error C2872: 'BOOL' : ambiguous symbol
                 could be 'C:\Program Files (x86)\Microsoft SDKs\Windows\v7.0A\include\windef.h(153) : int BOOL'
                 or       'C:\Users\azare\Desktop\1- from home (3 dey)\botcointrap\botcointrap-monitor\dependency\include\pin\gen\types_foundation.TLH(47) : LEVEL_BASE::BOOL'
     1>C:\Program Files (x86)\Microsoft SDKs\Windows\v7.0A\include\winbase.h(3422): error C2872: 'BOOL' : ambiguous symbol
                 could be 'C:\Program Files (x86)\Microsoft SDKs\Windows\v7.0A\include\windef.h(153) : int BOOL'
                 or       'C:\Users\azare\Desktop\1- from home (3 dey)\botcointrap\botcointrap-monitor\dependency\include\pin\gen\types_foundation.TLH(47) : LEVEL_BASE::BOOL'
     1>C:\Program Files (x86)\Microsoft SDKs\Windows\v7.0A\include\winbase.h(3431): error C2872: 'BOOL' : ambiguous symbol
                 could be 'C:\Program Files (x86)\Microsoft SDKs\Windows\v7.0A\include\windef.h(153) : int BOOL'
                 or       'C:\Users\azare\Desktop\1- from home (3 dey)\botcointrap\botcointrap-monitor\dependency\include\pin\gen\types_foundation.TLH(47) : LEVEL_BASE::BOOL'
     1>C:\Program Files (x86)\Microsoft SDKs\Windows\v7.0A\include\winbase.h(3441): error C2872: 'BOOL' : ambiguous symbol
                 could be 'C:\Program Files (x86)\Microsoft SDKs\Windows\v7.0A\include\windef.h(153) : int BOOL'
                 or       'C:\Users\azare\Desktop\1- from home (3 dey)\botcointrap\botcointrap-monitor\dependency\include\pin\gen\types_foundation.TLH(47) : LEVEL_BASE::BOOL'
     1>C:\Program Files (x86)\Microsoft SDKs\Windows\v7.0A\include\winbase.h(3450): error C2872: 'BOOL' : ambiguous symbol
                 could be 'C:\Program Files (x86)\Microsoft SDKs\Windows\v7.0A\include\windef.h(153) : int BOOL'
                 or       'C:\Users\azare\Desktop\1- from home (3 dey)\botcointrap\botcointrap-monitor\dependency\include\pin\gen\types_foundation.TLH(47) : LEVEL_BASE::BOOL'
     1>C:\Program Files (x86)\Microsoft SDKs\Windows\v7.0A\include\winbase.h(3464): error C2872: 'BOOL' : ambiguous symbol
                 could be 'C:\Program Files (x86)\Microsoft SDKs\Windows\v7.0A\include\windef.h(153) : int BOOL'
                 or       'C:\Users\azare\Desktop\1- from home (3 dey)\botcointrap\botcointrap-monitor\dependency\include\pin\gen\types_foundation.TLH(47) : LEVEL_BASE::BOOL'
     1>C:\Program Files (x86)\Microsoft SDKs\Windows\v7.0A\include\winbase.h(3472): error C2872: 'BOOL' : ambiguous symbol
                 could be 'C:\Program Files (x86)\Microsoft SDKs\Windows\v7.0A\include\windef.h(153) : int BOOL'
                 or       'C:\Users\azare\Desktop\1- from home (3 dey)\botcointrap\botcointrap-monitor\dependency\include\pin\gen\types_foundation.TLH(47) : LEVEL_BASE::BOOL'
     1>C:\Program Files (x86)\Microsoft SDKs\Windows\v7.0A\include\winbase.h(3485): error C2872: 'BOOL' : ambiguous symbol
                 could be 'C:\Program Files (x86)\Microsoft SDKs\Windows\v7.0A\include\windef.h(153) : int BOOL'
                 or       'C:\Users\azare\Desktop\1- from home (3 dey)\botcointrap\botcointrap-monitor\dependency\include\pin\gen\types_foundation.TLH(47) : LEVEL_BASE::BOOL'
     1>C:\Program Files (x86)\Microsoft SDKs\Windows\v7.0A\include\winbase.h(3509): error C2872: 'UINT' : ambiguous symbol
                 could be 'C:\Program Files (x86)\Microsoft SDKs\Windows\v7.0A\include\windef.h(173) : unsigned int UINT'
                 or       'C:\Users\azare\Desktop\1- from home (3 dey)\botcointrap\botcointrap-monitor\dependency\include\pin\gen\types_foundation.TLH(64) : LEVEL_BASE::UINT'
     1>C:\Program Files (x86)\Microsoft SDKs\Windows\v7.0A\include\winbase.h(3514): error C2872: 'BOOL' : ambiguous symbol
                 could be 'C:\Program Files (x86)\Microsoft SDKs\Windows\v7.0A\include\windef.h(153) : int BOOL'
                 or       'C:\Users\azare\Desktop\1- from home (3 dey)\botcointrap\botcointrap-monitor\dependency\include\pin\gen\types_foundation.TLH(47) : LEVEL_BASE::BOOL'
     1>C:\Program Files (x86)\Microsoft SDKs\Windows\v7.0A\include\winbase.h(3517): error C2872: 'UINT' : ambiguous symbol
                 could be 'C:\Program Files (x86)\Microsoft SDKs\Windows\v7.0A\include\windef.h(173) : unsigned int UINT'
                 or       'C:\Users\azare\Desktop\1- from home (3 dey)\botcointrap\botcointrap-monitor\dependency\include\pin\gen\types_foundation.TLH(64) : LEVEL_BASE::UINT'
     1>C:\Program Files (x86)\Microsoft SDKs\Windows\v7.0A\include\winbase.h(3522): error C2872: 'BOOL' : ambiguous symbol
                 could be 'C:\Program Files (x86)\Microsoft SDKs\Windows\v7.0A\include\windef.h(153) : int BOOL'
                 or       'C:\Users\azare\Desktop\1- from home (3 dey)\botcointrap\botcointrap-monitor\dependency\include\pin\gen\types_foundation.TLH(47) : LEVEL_BASE::BOOL'
     1>C:\Program Files (x86)\Microsoft SDKs\Windows\v7.0A\include\winbase.h(3561): error C2872: 'BOOL' : ambiguous symbol
                 could be 'C:\Program Files (x86)\Microsoft SDKs\Windows\v7.0A\include\windef.h(153) : int BOOL'
                 or       'C:\Users\azare\Desktop\1- from home (3 dey)\botcointrap\botcointrap-monitor\dependency\include\pin\gen\types_foundation.TLH(47) : LEVEL_BASE::BOOL'
     1>C:\Program Files (x86)\Microsoft SDKs\Windows\v7.0A\include\winbase.h(3567): error C2872: 'BOOL' : ambiguous symbol
                 could be 'C:\Program Files (x86)\Microsoft SDKs\Windows\v7.0A\include\windef.h(153) : int BOOL'
                 or       'C:\Users\azare\Desktop\1- from home (3 dey)\botcointrap\botcointrap-monitor\dependency\include\pin\gen\types_foundation.TLH(47) : LEVEL_BASE::BOOL'
     1>C:\Program Files (x86)\Microsoft SDKs\Windows\v7.0A\include\winbase.h(3579): error C2872: 'BOOL' : ambiguous symbol
                 could be 'C:\Program Files (x86)\Microsoft SDKs\Windows\v7.0A\include\windef.h(153) : int BOOL'
                 or       'C:\Users\azare\Desktop\1- from home (3 dey)\botcointrap\botcointrap-monitor\dependency\include\pin\gen\types_foundation.TLH(47) : LEVEL_BASE::BOOL'
     1>C:\Program Files (x86)\Microsoft SDKs\Windows\v7.0A\include\winbase.h(3585): error C2872: 'BOOL' : ambiguous symbol
                 could be 'C:\Program Files (x86)\Microsoft SDKs\Windows\v7.0A\include\windef.h(153) : int BOOL'
                 or       'C:\Users\azare\Desktop\1- from home (3 dey)\botcointrap\botcointrap-monitor\dependency\include\pin\gen\types_foundation.TLH(47) : LEVEL_BASE::BOOL'
     1>C:\Program Files (x86)\Microsoft SDKs\Windows\v7.0A\include\winbase.h(3692): error C2872: 'BOOL' : ambiguous symbol
                 could be 'C:\Program Files (x86)\Microsoft SDKs\Windows\v7.0A\include\windef.h(153) : int BOOL'
                 or       'C:\Users\azare\Desktop\1- from home (3 dey)\botcointrap\botcointrap-monitor\dependency\include\pin\gen\types_foundation.TLH(47) : LEVEL_BASE::BOOL'
     1>C:\Program Files (x86)\Microsoft SDKs\Windows\v7.0A\include\winbase.h(3703): error C2872: 'BOOL' : ambiguous symbol
                 could be 'C:\Program Files (x86)\Microsoft SDKs\Windows\v7.0A\include\windef.h(153) : int BOOL'
                 or       'C:\Users\azare\Desktop\1- from home (3 dey)\botcointrap\botcointrap-monitor\dependency\include\pin\gen\types_foundation.TLH(47) : LEVEL_BASE::BOOL'
     1>C:\Program Files (x86)\Microsoft SDKs\Windows\v7.0A\include\winbase.h(3719): error C2872: 'BOOL' : ambiguous symbol
                 could be 'C:\Program Files (x86)\Microsoft SDKs\Windows\v7.0A\include\windef.h(153) : int BOOL'
                 or       'C:\Users\azare\Desktop\1- from home (3 dey)\botcointrap\botcointrap-monitor\dependency\include\pin\gen\types_foundation.TLH(47) : LEVEL_BASE::BOOL'
     1>C:\Program Files (x86)\Microsoft SDKs\Windows\v7.0A\include\winbase.h(3770): error C2872: 'BOOL' : ambiguous symbol
                 could be 'C:\Program Files (x86)\Microsoft SDKs\Windows\v7.0A\include\windef.h(153) : int BOOL'
                 or       'C:\Users\azare\Desktop\1- from home (3 dey)\botcointrap\botcointrap-monitor\dependency\include\pin\gen\types_foundation.TLH(47) : LEVEL_BASE::BOOL'
     1>C:\Program Files (x86)\Microsoft SDKs\Windows\v7.0A\include\winbase.h(3777): error C2872: 'BOOL' : ambiguous symbol
                 could be 'C:\Program Files (x86)\Microsoft SDKs\Windows\v7.0A\include\windef.h(153) : int BOOL'
                 or       'C:\Users\azare\Desktop\1- from home (3 dey)\botcointrap\botcointrap-monitor\dependency\include\pin\gen\types_foundation.TLH(47) : LEVEL_BASE::BOOL'
     1>C:\Program Files (x86)\Microsoft SDKs\Windows\v7.0A\include\winbase.h(3786): error C2872: 'BOOL' : ambiguous symbol
                 could be 'C:\Program Files (x86)\Microsoft SDKs\Windows\v7.0A\include\windef.h(153) : int BOOL'
                 or       'C:\Users\azare\Desktop\1- from home (3 dey)\botcointrap\botcointrap-monitor\dependency\include\pin\gen\types_foundation.TLH(47) : LEVEL_BASE::BOOL'
     1>C:\Program Files (x86)\Microsoft SDKs\Windows\v7.0A\include\winbase.h(3794): error C2872: 'BOOL' : ambiguous symbol
                 could be 'C:\Program Files (x86)\Microsoft SDKs\Windows\v7.0A\include\windef.h(153) : int BOOL'
                 or       'C:\Users\azare\Desktop\1- from home (3 dey)\botcointrap\botcointrap-monitor\dependency\include\pin\gen\types_foundation.TLH(47) : LEVEL_BASE::BOOL'
     1>C:\Program Files (x86)\Microsoft SDKs\Windows\v7.0A\include\winbase.h(3801): error C2872: 'BOOL' : ambiguous symbol
                 could be 'C:\Program Files (x86)\Microsoft SDKs\Windows\v7.0A\include\windef.h(153) : int BOOL'
                 or       'C:\Users\azare\Desktop\1- from home (3 dey)\botcointrap\botcointrap-monitor\dependency\include\pin\gen\types_foundation.TLH(47) : LEVEL_BASE::BOOL'
     1>C:\Program Files (x86)\Microsoft SDKs\Windows\v7.0A\include\winbase.h(3808): error C2872: 'BOOL' : ambiguous symbol
                 could be 'C:\Program Files (x86)\Microsoft SDKs\Windows\v7.0A\include\windef.h(153) : int BOOL'
                 or       'C:\Users\azare\Desktop\1- from home (3 dey)\botcointrap\botcointrap-monitor\dependency\include\pin\gen\types_foundation.TLH(47) : LEVEL_BASE::BOOL'
     1>C:\Program Files (x86)\Microsoft SDKs\Windows\v7.0A\include\winbase.h(3829): error C2872: 'BOOL' : ambiguous symbol
                 could be 'C:\Program Files (x86)\Microsoft SDKs\Windows\v7.0A\include\windef.h(153) : int BOOL'
                 or       'C:\Users\azare\Desktop\1- from home (3 dey)\botcointrap\botcointrap-monitor\dependency\include\pin\gen\types_foundation.TLH(47) : LEVEL_BASE::BOOL'
     1>C:\Program Files (x86)\Microsoft SDKs\Windows\v7.0A\include\winbase.h(3840): error C2872: 'BOOL' : ambiguous symbol
                 could be 'C:\Program Files (x86)\Microsoft SDKs\Windows\v7.0A\include\windef.h(153) : int BOOL'
                 or       'C:\Users\azare\Desktop\1- from home (3 dey)\botcointrap\botcointrap-monitor\dependency\include\pin\gen\types_foundation.TLH(47) : LEVEL_BASE::BOOL'
     1>C:\Program Files (x86)\Microsoft SDKs\Windows\v7.0A\include\winbase.h(3850): error C2872: 'BOOL' : ambiguous symbol
     1>C:\Program Files (x86)\Microsoft SDKs\Windows\v7.0A\include\winbase.h(3850): fatal error C1003: error count exceeds 100; stopping compilation
     1>Done Building Project "C:\Users\azare\Desktop\1- from home (3 dey)\botcointrap\botcointrap-monitor\botcointrap-monitor.vcxproj" (rebuild target(s)) -- FAILED.

Build FAILED.

Time Elapsed 00:00:01.00
